<?xml version="1.0" encoding="UTF-8"?>
<testng-results ignored="0" total="1" passed="1" failed="0" skipped="0">
  <reporter-output>
  </reporter-output>
  <suite started-at="2024-03-25T20:42:18 GST" name="Default suite" finished-at="2024-03-25T20:42:24 GST" duration-ms="5908">
    <groups>
    </groups>
    <test started-at="2024-03-25T20:42:18 GST" name="Default test" finished-at="2024-03-25T20:42:24 GST" duration-ms="5908">
      <class name="testsuite.PNRTest">
        <test-method is-config="true" signature="Setup()[pri:0, instance:testsuite.PNRTest@485966cc]" started-at="2024-03-25T20:42:18 GST" name="Setup" finished-at="2024-03-25T20:42:18 GST" duration-ms="12" status="PASS">
          <reporter-output>
          </reporter-output>
        </test-method> <!-- Setup -->
        <test-method signature="PNR_Creation()[pri:0, instance:testsuite.PNRTest@485966cc]" started-at="2024-03-25T20:42:18 GST" name="PNR_Creation" finished-at="2024-03-25T20:42:24 GST" duration-ms="5861" status="PASS">
          <reporter-output>
          </reporter-output>
        </test-method> <!-- PNR_Creation -->
      </class> <!-- testsuite.PNRTest -->
    </test> <!-- Default test -->
  </suite> <!-- Default suite -->
</testng-results>
