<?xml version="1.0" encoding="UTF-8"?>
<testng-results ignored="0" total="1" passed="1" failed="0" skipped="0">
  <reporter-output>
  </reporter-output>
  <suite started-at="2024-03-25T22:47:06 GST" name="Default suite" finished-at="2024-03-25T22:47:10 GST" duration-ms="3909">
    <groups>
    </groups>
    <test started-at="2024-03-25T22:47:06 GST" name="Default test" finished-at="2024-03-25T22:47:10 GST" duration-ms="3909">
      <class name="testsuite.PNRTest">
        <test-method is-config="true" signature="Setup()[pri:0, instance:testsuite.PNRTest@54bff557]" started-at="2024-03-25T22:47:06 GST" name="Setup" finished-at="2024-03-25T22:47:06 GST" duration-ms="13" status="PASS">
          <reporter-output>
          </reporter-output>
        </test-method> <!-- Setup -->
        <test-method signature="PNR_Creation()[pri:0, instance:testsuite.PNRTest@54bff557]" started-at="2024-03-25T22:47:06 GST" name="PNR_Creation" finished-at="2024-03-25T22:47:10 GST" duration-ms="3839" status="PASS">
          <reporter-output>
          </reporter-output>
        </test-method> <!-- PNR_Creation -->
      </class> <!-- testsuite.PNRTest -->
    </test> <!-- Default test -->
  </suite> <!-- Default suite -->
</testng-results>
